\BOOKMARK [1][-]{section.1}{\376\377\000B\000i\000g\000\040\000P\000i\000c\000t\000u\000r\000e\000\040\000D\000a\000t\000a\000\040\000F\000l\000o\000w}{}% 1
\BOOKMARK [1][-]{section.2}{\376\377\000D\000a\000y\000-\000A\000h\000e\000a\000d\000\040\000L\000o\000o\000p\000\040\000W\000a\000l\000k\000t\000h\000r\000o\000u\000g\000h\000\040\000\050\000E\000x\000p\000l\000a\000n\000a\000t\000o\000r\000y\000\051}{}% 2
\BOOKMARK [1][-]{section.3}{\376\377\000R\000e\000a\000l\000-\000T\000i\000m\000e\000\040\000L\000o\000o\000p\000\040\000W\000a\000l\000k\000t\000h\000r\000o\000u\000g\000h\000\040\000\050\000E\000x\000p\000l\000a\000n\000a\000t\000o\000r\000y\000\051}{}% 3
\BOOKMARK [1][-]{section.4}{\376\377\000S\000t\000a\000t\000e\000\040\000V\000a\000r\000i\000a\000b\000l\000e\000s\000\040\000Y\000o\000u\000\040\000M\000u\000s\000t\000\040\000U\000n\000d\000e\000r\000s\000t\000a\000n\000d}{}% 4
\BOOKMARK [1][-]{section.5}{\376\377\000W\000h\000e\000r\000e\000\040\000t\000o\000\040\000P\000l\000u\000g\000\040\000I\000n\000\040\000D\000C\000\040\000a\000n\000d\000\040\000A\000S\000U}{}% 5
\BOOKMARK [1][-]{appendix.A}{\376\377\000A\000p\000p\000e\000n\000d\000i\000x\000\040\000A\000\040\040\024\000\040\000F\000u\000n\000c\000t\000i\000o\000n\000\040\000N\000o\000t\000e\000s\000\040\000\050\000H\000y\000p\000e\000r\000l\000i\000n\000k\000e\000d\000\051}{}% 6
\BOOKMARK [2][-]{subsection.A.1}{\376\377\000D\000o\000u\000b\000l\000e\000L\000o\000o\000p\000C\000o\000o\000r\000d\000i\000n\000a\000t\000o\000r}{appendix.A}% 7
\BOOKMARK [2][-]{subsection.A.2}{\376\377\000r\000e\000g\000i\000s\000t\000e\000r\000\137\000p\000l\000u\000g\000i\000n\000s}{appendix.A}% 8
\BOOKMARK [2][-]{subsection.A.3}{\376\377\000p\000r\000e\000s\000c\000i\000e\000n\000t\000\137\000p\000l\000u\000g\000i\000n\000\137\000m\000o\000d\000u\000l\000e}{appendix.A}% 9
\BOOKMARK [2][-]{subsection.A.4}{\376\377\000b\000i\000d\000\137\000i\000n\000t\000o\000\137\000D\000A\000M}{appendix.A}% 10
\BOOKMARK [2][-]{subsection.A.5}{\376\377\000p\000r\000o\000j\000e\000c\000t\000\137\000t\000r\000a\000c\000k\000i\000n\000g\000\137\000t\000r\000a\000j\000e\000c\000t\000o\000r\000y}{appendix.A}% 11
\BOOKMARK [2][-]{subsection.A.6}{\376\377\000a\000s\000s\000e\000m\000b\000l\000e\000\137\000p\000r\000o\000j\000e\000c\000t\000\137\000t\000r\000a\000c\000k\000i\000n\000g\000\137\000s\000i\000g\000n\000a\000l}{appendix.A}% 12
\BOOKMARK [2][-]{subsection.A.7}{\376\377\000\137\000c\000l\000o\000n\000e\000\137\000t\000r\000a\000c\000k\000i\000n\000g\000\137\000m\000o\000d\000e\000l}{appendix.A}% 13
\BOOKMARK [2][-]{subsection.A.8}{\376\377\000c\000o\000m\000p\000u\000t\000e\000\137\000d\000a\000y\000\137\000a\000h\000e\000a\000d\000\137\000b\000i\000d\000s}{appendix.A}% 14
\BOOKMARK [2][-]{subsection.A.9}{\376\377\000f\000o\000r\000e\000c\000a\000s\000t\000\137\000d\000a\000y\000\137\000a\000h\000e\000a\000d\000\137\000a\000n\000d\000\137\000r\000e\000a\000l\000\137\000t\000i\000m\000e\000\137\000p\000r\000i\000c\000e\000s}{appendix.A}% 15
\BOOKMARK [2][-]{subsection.A.10}{\376\377\000\137\000p\000a\000s\000s\000\137\000D\000A\000\137\000b\000i\000d\000\137\000t\000o\000\137\000p\000r\000e\000s\000c\000i\000e\000n\000t}{appendix.A}% 16
\BOOKMARK [2][-]{subsection.A.11}{\376\377\000\137\000u\000p\000d\000a\000t\000e\000\137\000b\000i\000d\000s}{appendix.A}% 17
\BOOKMARK [2][-]{subsection.A.12}{\376\377\000f\000e\000t\000c\000h\000\137\000D\000A\000\137\000p\000r\000i\000c\000e\000s}{appendix.A}% 18
\BOOKMARK [2][-]{subsection.A.13}{\376\377\000f\000e\000t\000c\000h\000\137\000D\000A\000\137\000d\000i\000s\000p\000a\000t\000c\000h\000e\000s}{appendix.A}% 19
\BOOKMARK [2][-]{subsection.A.14}{\376\377\000p\000u\000s\000h\000\137\000d\000a\000y\000\137\000a\000h\000e\000a\000d\000\137\000s\000t\000a\000t\000s\000\137\000t\000o\000\137\000f\000o\000r\000e\000c\000a\000s\000t\000e\000r}{appendix.A}% 20
\BOOKMARK [2][-]{subsection.A.15}{\376\377\000a\000c\000t\000i\000v\000a\000t\000e\000\137\000p\000e\000n\000d\000i\000n\000g\000\137\000D\000A\000\137\000d\000a\000t\000a}{appendix.A}% 21
\BOOKMARK [2][-]{subsection.A.16}{\376\377\000b\000i\000d\000\137\000i\000n\000t\000o\000\137\000R\000T\000M}{appendix.A}% 22
\BOOKMARK [2][-]{subsection.A.17}{\376\377\000c\000o\000m\000p\000u\000t\000e\000\137\000r\000e\000a\000l\000\137\000t\000i\000m\000e\000\137\000b\000i\000d\000s}{appendix.A}% 23
\BOOKMARK [2][-]{subsection.A.18}{\376\377\000\137\000p\000a\000s\000s\000\137\000r\000e\000a\000l\000i\000z\000e\000d\000\137\000d\000a\000y\000\137\000a\000h\000e\000a\000d\000\137\000p\000r\000i\000c\000e\000s}{appendix.A}% 24
\BOOKMARK [2][-]{subsection.A.19}{\376\377\000\137\000p\000a\000s\000s\000\137\000r\000e\000a\000l\000i\000z\000e\000d\000\137\000d\000a\000y\000\137\000a\000h\000e\000a\000d\000\137\000d\000i\000s\000p\000a\000t\000c\000h\000e\000s}{appendix.A}% 25
\BOOKMARK [2][-]{subsection.A.20}{\376\377\000\137\000p\000a\000s\000s\000\137\000R\000T\000\137\000b\000i\000d\000\137\000t\000o\000\137\000p\000r\000e\000s\000c\000i\000e\000n\000t}{appendix.A}% 26
\BOOKMARK [2][-]{subsection.A.21}{\376\377\000t\000r\000a\000c\000k\000\137\000s\000c\000e\000d\000\137\000s\000i\000g\000n\000a\000l}{appendix.A}% 27
\BOOKMARK [2][-]{subsection.A.22}{\376\377\000a\000s\000s\000e\000m\000b\000l\000e\000\137\000s\000c\000e\000d\000\137\000t\000r\000a\000c\000k\000i\000n\000g\000\137\000m\000a\000r\000k\000e\000t\000\137\000s\000i\000g\000n\000a\000l\000s}{appendix.A}% 28
\BOOKMARK [2][-]{subsection.A.23}{\376\377\000t\000r\000a\000c\000k\000\137\000m\000a\000r\000k\000e\000t\000\137\000d\000i\000s\000p\000a\000t\000c\000h}{appendix.A}% 29
\BOOKMARK [2][-]{subsection.A.24}{\376\377\000u\000p\000d\000a\000t\000e\000\137\000m\000o\000d\000e\000l\000\040\000\050\000T\000r\000a\000c\000k\000e\000r\000\051}{appendix.A}% 30
\BOOKMARK [2][-]{subsection.A.25}{\376\377\000u\000p\000d\000a\000t\000e\000\137\000r\000e\000a\000l\000\137\000t\000i\000m\000e\000\137\000m\000o\000d\000e\000l}{appendix.A}% 31
\BOOKMARK [2][-]{subsection.A.26}{\376\377\000u\000p\000d\000a\000t\000e\000\137\000d\000a\000y\000\137\000a\000h\000e\000a\000d\000\137\000m\000o\000d\000e\000l}{appendix.A}% 32
\BOOKMARK [2][-]{subsection.A.27}{\376\377\000u\000p\000d\000a\000t\000e\000\137\000o\000b\000s\000e\000r\000v\000e\000d\000\137\000d\000i\000s\000p\000a\000t\000c\000h}{appendix.A}% 33
\BOOKMARK [2][-]{subsection.A.28}{\376\377\000g\000e\000t\000\137\000l\000a\000s\000t\000\137\000d\000e\000l\000i\000v\000e\000r\000e\000d\000\137\000p\000o\000w\000e\000r}{appendix.A}% 34
\BOOKMARK [2][-]{subsection.A.29}{\376\377\000p\000u\000s\000h\000\137\000h\000o\000u\000r\000l\000y\000\137\000s\000t\000a\000t\000s\000\137\000t\000o\000\137\000f\000o\000r\000e\000c\000a\000s\000t\000e\000r}{appendix.A}% 35
\BOOKMARK [2][-]{subsection.A.30}{\376\377\000w\000r\000i\000t\000e\000\137\000p\000l\000u\000g\000i\000n\000\137\000r\000e\000s\000u\000l\000t\000s}{appendix.A}% 36
\BOOKMARK [1][-]{appendix.B}{\376\377\000I\000f\000\040\000y\000o\000u\000\040\000o\000n\000l\000y\000\040\000r\000e\000m\000e\000m\000b\000e\000r\000\040\0001\0000\000\040\000t\000h\000i\000n\000g\000s}{}% 37
